C:\Users\Rafał\Desktop\Angular2\AplikacjaPogodowa\TwojaPogoda\app\app.component.js
C:\Users\Rafał\Desktop\Angular2\AplikacjaPogodowa\TwojaPogoda\app\app.component.js.map
C:\Users\Rafał\Desktop\Angular2\AplikacjaPogodowa\TwojaPogoda\app\app.module.js
C:\Users\Rafał\Desktop\Angular2\AplikacjaPogodowa\TwojaPogoda\app\app.module.js.map
C:\Users\Rafał\Desktop\Angular2\AplikacjaPogodowa\TwojaPogoda\main.js
C:\Users\Rafał\Desktop\Angular2\AplikacjaPogodowa\TwojaPogoda\main.js.map
C:\Users\Rafał\Desktop\Angular2\AplikacjaPogodowa\TwojaPogoda\app\app.component.spec.js
C:\Users\Rafał\Desktop\Angular2\AplikacjaPogodowa\TwojaPogoda\app\app.component.spec.js.map
C:\Users\Rafał\Desktop\Angular2\AplikacjaPogodowa\TwojaPogoda\app\app.component.js
C:\Users\Rafał\Desktop\Angular2\AplikacjaPogodowa\TwojaPogoda\app\app.component.js.map
C:\Users\Rafał\Desktop\Angular2\AplikacjaPogodowa\TwojaPogoda\app\app.module.js
C:\Users\Rafał\Desktop\Angular2\AplikacjaPogodowa\TwojaPogoda\app\app.module.js.map
C:\Users\Rafał\Desktop\Angular2\AplikacjaPogodowa\TwojaPogoda\main.js
C:\Users\Rafał\Desktop\Angular2\AplikacjaPogodowa\TwojaPogoda\main.js.map
C:\Users\Rafał\Desktop\Angular2\AplikacjaPogodowa\TwojaPogoda\app\app.component.spec.js
C:\Users\Rafał\Desktop\Angular2\AplikacjaPogodowa\TwojaPogoda\app\app.component.spec.js.map
C:\Users\Rafał\Desktop\Angular2\AplikacjaPogodowa\TwojaPogoda\app\app.component.js
C:\Users\Rafał\Desktop\Angular2\AplikacjaPogodowa\TwojaPogoda\app\app.component.js.map
C:\Users\Rafał\Desktop\Angular2\AplikacjaPogodowa\TwojaPogoda\app\app.module.js
C:\Users\Rafał\Desktop\Angular2\AplikacjaPogodowa\TwojaPogoda\app\app.module.js.map
C:\Users\Rafał\Desktop\Angular2\AplikacjaPogodowa\TwojaPogoda\main.js
C:\Users\Rafał\Desktop\Angular2\AplikacjaPogodowa\TwojaPogoda\main.js.map
C:\Users\Rafał\Desktop\Angular2\AplikacjaPogodowa\TwojaPogoda\app\app.component.spec.js
C:\Users\Rafał\Desktop\Angular2\AplikacjaPogodowa\TwojaPogoda\app\app.component.spec.js.map
C:\Users\Rafał\Desktop\Angular2\AplikacjaPogodowa\TwojaPogoda\app\app.component.js
C:\Users\Rafał\Desktop\Angular2\AplikacjaPogodowa\TwojaPogoda\app\app.component.js.map
C:\Users\Rafał\Desktop\Angular2\AplikacjaPogodowa\TwojaPogoda\app\app.module.js
C:\Users\Rafał\Desktop\Angular2\AplikacjaPogodowa\TwojaPogoda\app\app.module.js.map
C:\Users\Rafał\Desktop\Angular2\AplikacjaPogodowa\TwojaPogoda\main.js
C:\Users\Rafał\Desktop\Angular2\AplikacjaPogodowa\TwojaPogoda\main.js.map
C:\Users\Rafał\Desktop\Angular2\AplikacjaPogodowa\TwojaPogoda\app\app.component.spec.js
C:\Users\Rafał\Desktop\Angular2\AplikacjaPogodowa\TwojaPogoda\app\app.component.spec.js.map
C:\Users\Rafał\Desktop\Angular2\AplikacjaPogodowa\TwojaPogoda\app\app.component.js
C:\Users\Rafał\Desktop\Angular2\AplikacjaPogodowa\TwojaPogoda\app\app.component.js.map
C:\Users\Rafał\Desktop\Angular2\AplikacjaPogodowa\TwojaPogoda\app\app.module.js
C:\Users\Rafał\Desktop\Angular2\AplikacjaPogodowa\TwojaPogoda\app\app.module.js.map
C:\Users\Rafał\Desktop\Angular2\AplikacjaPogodowa\TwojaPogoda\main.js
C:\Users\Rafał\Desktop\Angular2\AplikacjaPogodowa\TwojaPogoda\main.js.map
C:\Users\Rafał\Desktop\Angular2\AplikacjaPogodowa\TwojaPogoda\app\app.component.spec.js
C:\Users\Rafał\Desktop\Angular2\AplikacjaPogodowa\TwojaPogoda\app\app.component.spec.js.map
C:\Users\Rafał\Desktop\Angular2\AplikacjaPogodowa\TwojaPogoda\app\app.component.js
C:\Users\Rafał\Desktop\Angular2\AplikacjaPogodowa\TwojaPogoda\app\app.component.js.map
C:\Users\Rafał\Desktop\Angular2\AplikacjaPogodowa\TwojaPogoda\app\app.module.js
C:\Users\Rafał\Desktop\Angular2\AplikacjaPogodowa\TwojaPogoda\app\app.module.js.map
C:\Users\Rafał\Desktop\Angular2\AplikacjaPogodowa\TwojaPogoda\main.js
C:\Users\Rafał\Desktop\Angular2\AplikacjaPogodowa\TwojaPogoda\main.js.map
C:\Users\Rafał\Desktop\Angular2\AplikacjaPogodowa\TwojaPogoda\app\app.component.spec.js
C:\Users\Rafał\Desktop\Angular2\AplikacjaPogodowa\TwojaPogoda\app\app.component.spec.js.map
C:\Users\Rafał\Desktop\Angular2\AplikacjaPogodowa\TwojaPogoda\app\app.component.js
C:\Users\Rafał\Desktop\Angular2\AplikacjaPogodowa\TwojaPogoda\app\app.component.js.map
C:\Users\Rafał\Desktop\Angular2\AplikacjaPogodowa\TwojaPogoda\app\app.module.js
C:\Users\Rafał\Desktop\Angular2\AplikacjaPogodowa\TwojaPogoda\app\app.module.js.map
C:\Users\Rafał\Desktop\Angular2\AplikacjaPogodowa\TwojaPogoda\main.js
C:\Users\Rafał\Desktop\Angular2\AplikacjaPogodowa\TwojaPogoda\main.js.map
C:\Users\Rafał\Desktop\Angular2\AplikacjaPogodowa\TwojaPogoda\app\app.component.spec.js
C:\Users\Rafał\Desktop\Angular2\AplikacjaPogodowa\TwojaPogoda\app\app.component.spec.js.map
C:\Users\Rafał\Desktop\Angular2\AplikacjaPogodowa\TwojaPogoda\app\app.component.js
C:\Users\Rafał\Desktop\Angular2\AplikacjaPogodowa\TwojaPogoda\app\app.component.js.map
C:\Users\Rafał\Desktop\Angular2\AplikacjaPogodowa\TwojaPogoda\app\app.module.js
C:\Users\Rafał\Desktop\Angular2\AplikacjaPogodowa\TwojaPogoda\app\app.module.js.map
C:\Users\Rafał\Desktop\Angular2\AplikacjaPogodowa\TwojaPogoda\main.js
C:\Users\Rafał\Desktop\Angular2\AplikacjaPogodowa\TwojaPogoda\main.js.map
C:\Users\Rafał\Desktop\Angular2\AplikacjaPogodowa\TwojaPogoda\app\app.component.spec.js
C:\Users\Rafał\Desktop\Angular2\AplikacjaPogodowa\TwojaPogoda\app\app.component.spec.js.map
C:\Users\Rafał\Desktop\Angular2\AplikacjaPogodowa\TwojaPogoda\app\app.component.js
C:\Users\Rafał\Desktop\Angular2\AplikacjaPogodowa\TwojaPogoda\app\app.component.js.map
C:\Users\Rafał\Desktop\Angular2\AplikacjaPogodowa\TwojaPogoda\app\app.module.js
C:\Users\Rafał\Desktop\Angular2\AplikacjaPogodowa\TwojaPogoda\app\app.module.js.map
C:\Users\Rafał\Desktop\Angular2\AplikacjaPogodowa\TwojaPogoda\main.js
C:\Users\Rafał\Desktop\Angular2\AplikacjaPogodowa\TwojaPogoda\main.js.map
C:\Users\Rafał\Desktop\Angular2\AplikacjaPogodowa\TwojaPogoda\app\app.component.spec.js
C:\Users\Rafał\Desktop\Angular2\AplikacjaPogodowa\TwojaPogoda\app\app.component.spec.js.map
C:\Users\Rafał\Desktop\Angular2\AplikacjaPogodowa\TwojaPogoda\app\app.component.js
C:\Users\Rafał\Desktop\Angular2\AplikacjaPogodowa\TwojaPogoda\app\app.component.js.map
C:\Users\Rafał\Desktop\Angular2\AplikacjaPogodowa\TwojaPogoda\app\app.module.js
C:\Users\Rafał\Desktop\Angular2\AplikacjaPogodowa\TwojaPogoda\app\app.module.js.map
C:\Users\Rafał\Desktop\Angular2\AplikacjaPogodowa\TwojaPogoda\main.js
C:\Users\Rafał\Desktop\Angular2\AplikacjaPogodowa\TwojaPogoda\main.js.map
C:\Users\Rafał\Desktop\Angular2\AplikacjaPogodowa\TwojaPogoda\app\app.component.spec.js
C:\Users\Rafał\Desktop\Angular2\AplikacjaPogodowa\TwojaPogoda\app\app.component.spec.js.map
